   Compiling visionctl v0.1.0 (/home/sean/sandbox/inputctl/visionctl)
warning: fields `cell_size`, `cols`, `rows`, and `scheme` are never read
  --> visionctl/src/primitives/grid.rs:86:9
   |
85 | pub struct GridMetadata {
   |            ------------ fields in this struct
86 |     pub cell_size: u32,
   |         ^^^^^^^^^
87 |     pub cols: u32,
   |         ^^^^
88 |     pub rows: u32,
   |         ^^^^
89 |     pub scheme: LabelScheme,
   |         ^^^^^^
   |
   = note: `GridMetadata` has derived impls for the traits `Debug` and `Clone`, but these are intentionally ignored during dead code analysis
   = note: `#[warn(dead_code)]` (part of `#[warn(unused)]`) on by default

warning: fields `width`, `height`, `grid`, and `cursor_pos` are never read
  --> visionctl/src/primitives/screenshot.rs:22:9
   |
20 | pub struct ScreenshotData {
   |            -------------- fields in this struct
21 |     pub png_bytes: Vec<u8>,
22 |     pub width: u32,
   |         ^^^^^
23 |     pub height: u32,
   |         ^^^^^^
24 |     pub grid: Option<GridMetadata>,
   |         ^^^^
25 |     pub cursor_pos: Option<CursorPos>,
   |         ^^^^^^^^^^
   |
   = note: `ScreenshotData` has derived impls for the traits `Debug` and `Clone`, but these are intentionally ignored during dead code analysis

warning: `visionctl` (lib) generated 2 warnings
   Compiling inputctl v0.1.0 (/home/sean/sandbox/inputctl/inputctl)
    Finished `test` profile [unoptimized + debuginfo] target(s) in 2.21s
     Running unittests src/lib.rs (target/debug/deps/inputctl-1f4a88ecd0181d36)

running 0 tests

test result: ok. 0 passed; 0 failed; 0 ignored; 0 measured; 19 filtered out; finished in 0.00s

     Running tests/integration.rs (target/debug/deps/integration-48428d92f10b235e)

running 1 test

=== Smooth Mouse Movement Accuracy Test ===

Initial cursor position: (3910, 853)

Test: Move right 200px (no noise) (noise=0)
  Before: (3910, 853)
[DEBUG] move_mouse_smooth: requested=(200, 0), steps=15, total_emitted=(200, 0) [with Y compensation]
  After:  (4108, 853)
  Requested: (200, 0)
  Actual:    (198, 0)
  Error:     (-2, 0) [+/-]

Test: Move down 200px (no noise, ease) (noise=0)
  Before: (4108, 853)
[DEBUG] move_mouse_smooth: requested=(0, 200), steps=15, total_emitted=(0, 172) [with Y compensation]
  After:  (4108, 1071)
  Requested: (0, 200)
  Actual:    (0, 218)
  Error:     (0, 18) [+/-]

Test: Move left 200px (default noise) (noise=2)
  Before: (4108, 1071)
[DEBUG] move_mouse_smooth: requested=(-200, 0), steps=15, total_emitted=(-200, 0) [with Y compensation]
  After:  (3911, 1071)
  Requested: (-200, 0)
  Actual:    (-197, 0)
  Error:     (3, 0) [+/-]

Test: Move up 200px (default noise, ease) (noise=2)
  Before: (3911, 1071)
[DEBUG] move_mouse_smooth: requested=(0, -200), steps=15, total_emitted=(0, -172) [with Y compensation]
  After:  (3912, 851)
  Requested: (0, -200)
  Actual:    (1, -220)
  Error:     (1, -20) [+/-]

=== Random Movement Tests ===
[DEBUG] move_mouse_smooth: requested=(249, -96), steps=10, total_emitted=(249, -82) [with Y compensation]
Random #1: req=(249, -96), actual=(348, -115), error=(99, -19)
[DEBUG] move_mouse_smooth: requested=(-255, -278), steps=10, total_emitted=(-255, -239) [with Y compensation]
Random #2: req=(-255, -278), actual=(-436, -409), error=(-181, -131)
[DEBUG] move_mouse_smooth: requested=(-23, -166), steps=10, total_emitted=(-23, -142) [with Y compensation]
Random #3: req=(-23, -166), actual=(-25, -154), error=(-2, 12)
[DEBUG] move_mouse_smooth: requested=(-78, 102), steps=10, total_emitted=(-78, 87) [with Y compensation]
Random #4: req=(-78, 102), actual=(-77, 86), error=(1, -16)
[DEBUG] move_mouse_smooth: requested=(251, -250), steps=10, total_emitted=(251, -215) [with Y compensation]
Random #5: req=(251, -250), actual=(411, -259), error=(160, -9)
[DEBUG] move_mouse_smooth: requested=(35, -127), steps=10, total_emitted=(35, -109) [with Y compensation]
Random #6: req=(35, -127), actual=(35, 0), error=(0, 127)
[DEBUG] move_mouse_smooth: requested=(-118, 218), steps=10, total_emitted=(-118, 187) [with Y compensation]
Random #7: req=(-118, 218), actual=(-152, 242), error=(-34, 24)
[DEBUG] move_mouse_smooth: requested=(-106, -190), steps=10, total_emitted=(-106, -163) [with Y compensation]
Random #8: req=(-106, -190), actual=(-130, -199), error=(-24, -9)
[DEBUG] move_mouse_smooth: requested=(-171, 118), steps=10, total_emitted=(-171, 101) [with Y compensation]
Random #9: req=(-171, 118), actual=(-210, 125), error=(-39, 7)
[DEBUG] move_mouse_smooth: requested=(-269, 44), steps=10, total_emitted=(-269, 37) [with Y compensation]
Random #10: req=(-269, 44), actual=(-393, 54), error=(-124, 10)
[DEBUG] move_mouse_smooth: requested=(176, -154), steps=10, total_emitted=(176, -132) [with Y compensation]
Random #11: req=(176, -154), actual=(230, -173), error=(54, -19)
[DEBUG] move_mouse_smooth: requested=(8, -124), steps=10, total_emitted=(8, -106) [with Y compensation]
Random #12: req=(8, -124), actual=(8, -49), error=(0, 75)
[DEBUG] move_mouse_smooth: requested=(201, -149), steps=10, total_emitted=(201, -128) [with Y compensation]
Random #13: req=(201, -149), actual=(272, 0), error=(71, 149)
[DEBUG] move_mouse_smooth: requested=(68, -168), steps=10, total_emitted=(68, -144) [with Y compensation]
Random #14: req=(68, -168), actual=(76, 0), error=(8, 168)
[DEBUG] move_mouse_smooth: requested=(-74, 73), steps=10, total_emitted=(-74, 62) [with Y compensation]
Random #15: req=(-74, 73), actual=(-73, 61), error=(1, -12)
[DEBUG] move_mouse_smooth: requested=(232, 299), steps=10, total_emitted=(232, 257) [with Y compensation]
Random #16: req=(232, 299), actual=(392, 434), error=(160, 135)
[DEBUG] move_mouse_smooth: requested=(-261, -34), steps=10, total_emitted=(-261, -29) [with Y compensation]
Random #17: req=(-261, -34), actual=(-381, -43), error=(-120, -9)
[DEBUG] move_mouse_smooth: requested=(-77, 93), steps=10, total_emitted=(-77, 79) [with Y compensation]
Random #18: req=(-77, 93), actual=(-77, 79), error=(0, -14)
[DEBUG] move_mouse_smooth: requested=(34, -132), steps=10, total_emitted=(34, -113) [with Y compensation]
Random #19: req=(34, -132), actual=(34, -111), error=(0, 21)
[DEBUG] move_mouse_smooth: requested=(-43, 248), steps=10, total_emitted=(-43, 213) [with Y compensation]
Random #20: req=(-43, 248), actual=(-55, 273), error=(-12, 25)

=== Error Analysis ===
X-axis errors: min=-181, max=160, avg=0.86
All X errors: [-2, 3, 99, -181, -2, 1, 160, 0, -34, -24, -39, -124, 54, 0, 71, 8, 1, 160, -120, 0, 0, -12]
Y-axis errors: min=-131, max=168, avg=23.32
All Y errors: [18, -20, -19, -131, 12, -16, -9, 127, 24, -9, 7, 10, -19, 75, 149, 168, -12, 135, -9, -14, 21, 25]

=== FAILURES ===
  down 200px (no noise, ease): expected (0, 200), got (0, 218), error (0, 18)
  up 200px (default noise, ease): expected (0, -200), got (1, -220), error (1, -20)

thread 'test_smooth_mouse_movement_accuracy' (4178637) panicked at inputctl/tests/integration.rs:400:9:

2 test cases failed. See error analysis above.
note: run with `RUST_BACKTRACE=1` environment variable to display a backtrace
test test_smooth_mouse_movement_accuracy ... FAILED

failures:

failures:
    test_smooth_mouse_movement_accuracy

test result: FAILED. 0 passed; 1 failed; 0 ignored; 0 measured; 17 filtered out; finished in 17.53s

error: test failed, to rerun pass `-p inputctl --test integration`
