warning: fields `cell_size`, `cols`, `rows`, and `scheme` are never read
  --> visionctl/src/primitives/grid.rs:86:9
   |
85 | pub struct GridMetadata {
   |            ------------ fields in this struct
86 |     pub cell_size: u32,
   |         ^^^^^^^^^
87 |     pub cols: u32,
   |         ^^^^
88 |     pub rows: u32,
   |         ^^^^
89 |     pub scheme: LabelScheme,
   |         ^^^^^^
   |
   = note: `GridMetadata` has derived impls for the traits `Debug` and `Clone`, but these are intentionally ignored during dead code analysis
   = note: `#[warn(dead_code)]` (part of `#[warn(unused)]`) on by default

warning: fields `width`, `height`, `grid`, and `cursor_pos` are never read
  --> visionctl/src/primitives/screenshot.rs:22:9
   |
20 | pub struct ScreenshotData {
   |            -------------- fields in this struct
21 |     pub png_bytes: Vec<u8>,
22 |     pub width: u32,
   |         ^^^^^
23 |     pub height: u32,
   |         ^^^^^^
24 |     pub grid: Option<GridMetadata>,
   |         ^^^^
25 |     pub cursor_pos: Option<CursorPos>,
   |         ^^^^^^^^^^
   |
   = note: `ScreenshotData` has derived impls for the traits `Debug` and `Clone`, but these are intentionally ignored during dead code analysis

warning: `visionctl` (lib) generated 2 warnings
    Finished `test` profile [unoptimized + debuginfo] target(s) in 0.13s
     Running unittests src/lib.rs (target/debug/deps/inputctl-1f4a88ecd0181d36)

running 0 tests

test result: ok. 0 passed; 0 failed; 0 ignored; 0 measured; 19 filtered out; finished in 0.00s

     Running tests/integration.rs (target/debug/deps/integration-48428d92f10b235e)

running 1 test

=== Smooth Mouse Movement Accuracy Test ===

Initial cursor position: (3589, 818)

Test: Move right 200px (no noise) (noise=0)
  Before: (3589, 818)
  After:  (3796, 818)
  Requested: (200, 0)
  Actual:    (207, 0)
  Error:     (7, 0) [+/-]

Test: Move down 200px (no noise, ease) (noise=0)
  Before: (3796, 818)
  After:  (3796, 1110)
  Requested: (0, 200)
  Actual:    (0, 292)
  Error:     (0, 92) [+/-]

Test: Move left 200px (default noise) (noise=2)
  Before: (3796, 1110)
  After:  (3587, 1110)
  Requested: (-200, 0)
  Actual:    (-209, 0)
  Error:     (-9, 0) [+/-]

Test: Move up 200px (default noise, ease) (noise=2)
  Before: (3587, 1110)
  After:  (3587, 817)
  Requested: (0, -200)
  Actual:    (0, -293)
  Error:     (0, -93) [+/-]

=== Random Movement Tests ===
Random #1: req=(157, 185), actual=(236, 278), error=(79, 93)
Random #2: req=(4, 122), actual=(4, 128), error=(0, 6)
Random #3: req=(161, 255), actual=(282, 446), error=(121, 191)
Random #4: req=(122, 212), actual=(186, 130), error=(64, -82)
Random #5: req=(-54, 254), actual=(-85, 0), error=(-31, -254)
Random #6: req=(-176, -294), actual=(-335, -560), error=(-159, -266)
Random #7: req=(246, -83), actual=(392, -132), error=(146, -49)
Random #8: req=(-116, -88), actual=(-133, -101), error=(-17, -13)
Random #9: req=(-96, -22), actual=(-96, -22), error=(0, 0)
Random #10: req=(-33, -203), actual=(-45, -278), error=(-12, -75)
Random #11: req=(137, 252), actual=(231, 425), error=(94, 173)
Random #12: req=(155, -233), actual=(258, -388), error=(103, -155)
Random #13: req=(240, -123), actual=(389, -200), error=(149, -77)
Random #14: req=(231, 27), actual=(341, 40), error=(110, 13)
Random #15: req=(233, -203), actual=(415, -361), error=(182, -158)
Random #16: req=(42, 233), actual=(63, 347), error=(21, 114)
Random #17: req=(-155, 40), actual=(-186, 48), error=(-31, 8)
Random #18: req=(-101, 254), actual=(-165, 414), error=(-64, 160)
Random #19: req=(-237, -19), actual=(-357, -28), error=(-120, -9)
Random #20: req=(188, 89), actual=(260, 123), error=(72, 34)

=== Error Analysis ===
X-axis errors: min=-159, max=182, avg=32.05
All X errors: [7, -9, 79, 0, 121, 64, -31, -159, 146, -17, 0, -12, 94, 103, 149, 110, 182, 21, -31, -64, -120, 72]
Y-axis errors: min=-266, max=191, avg=-15.77
All Y errors: [92, -93, 93, 6, 191, -82, -254, -266, -49, -13, 0, -75, 173, -155, -77, 13, -158, 114, 8, 160, -9, 34]

=== FAILURES ===
  right 200px (no noise): expected (200, 0), got (207, 0), error (7, 0)
  down 200px (no noise, ease): expected (0, 200), got (0, 292), error (0, 92)
  left 200px (default noise): expected (-200, 0), got (-209, 0), error (-9, 0)
  up 200px (default noise, ease): expected (0, -200), got (0, -293), error (0, -93)

thread 'test_smooth_mouse_movement_accuracy' (4052415) panicked at inputctl/tests/integration.rs:401:9:

4 test cases failed. See error analysis above.
note: run with `RUST_BACKTRACE=1` environment variable to display a backtrace
test test_smooth_mouse_movement_accuracy ... FAILED

failures:

failures:
    test_smooth_mouse_movement_accuracy

test result: FAILED. 0 passed; 1 failed; 0 ignored; 0 measured; 17 filtered out; finished in 26.59s

error: test failed, to rerun pass `-p inputctl --test integration`
