warning: fields `cell_size`, `cols`, `rows`, and `scheme` are never read
  --> visionctl/src/primitives/grid.rs:86:9
   |
85 | pub struct GridMetadata {
   |            ------------ fields in this struct
86 |     pub cell_size: u32,
   |         ^^^^^^^^^
87 |     pub cols: u32,
   |         ^^^^
88 |     pub rows: u32,
   |         ^^^^
89 |     pub scheme: LabelScheme,
   |         ^^^^^^
   |
   = note: `GridMetadata` has derived impls for the traits `Debug` and `Clone`, but these are intentionally ignored during dead code analysis
   = note: `#[warn(dead_code)]` (part of `#[warn(unused)]`) on by default

warning: fields `width`, `height`, `grid`, and `cursor_pos` are never read
  --> visionctl/src/primitives/screenshot.rs:22:9
   |
20 | pub struct ScreenshotData {
   |            -------------- fields in this struct
21 |     pub png_bytes: Vec<u8>,
22 |     pub width: u32,
   |         ^^^^^
23 |     pub height: u32,
   |         ^^^^^^
24 |     pub grid: Option<GridMetadata>,
   |         ^^^^
25 |     pub cursor_pos: Option<CursorPos>,
   |         ^^^^^^^^^^
   |
   = note: `ScreenshotData` has derived impls for the traits `Debug` and `Clone`, but these are intentionally ignored during dead code analysis

warning: `visionctl` (lib) generated 2 warnings
    Finished `test` profile [unoptimized + debuginfo] target(s) in 0.17s
     Running unittests src/lib.rs (target/debug/deps/inputctl-1f4a88ecd0181d36)

running 0 tests

test result: ok. 0 passed; 0 failed; 0 ignored; 0 measured; 19 filtered out; finished in 0.00s

     Running tests/integration.rs (target/debug/deps/integration-48428d92f10b235e)

running 1 test

=== Smooth Mouse Movement Accuracy Test ===

Initial cursor position: (3484, 934)

Test: Move right 200px (no noise) (noise=0)
  Before: (3506, 908)
  After:  (3715, 908)
  Requested: (200, 0)
  Actual:    (209, 0)
  Error:     (9, 0) [+/-]

Test: Move down 200px (no noise, ease) (noise=0)
  Before: (3715, 908)
  After:  (3715, 1199)
  Requested: (0, 200)
  Actual:    (0, 291)
  Error:     (0, 91) [+/-]

Test: Move left 200px (default noise) (noise=2)
  Before: (3715, 1199)
  After:  (3505, 1199)
  Requested: (-200, 0)
  Actual:    (-210, 0)
  Error:     (-10, 0) [+/-]

Test: Move up 200px (default noise, ease) (noise=2)
  Before: (3505, 1199)
  After:  (3506, 907)
  Requested: (0, -200)
  Actual:    (1, -292)
  Error:     (1, -92) [+/-]

=== Random Movement Tests ===
Random #1: req=(-95, 226), actual=(-143, 343), error=(-48, 117)
Random #2: req=(-115, 286), actual=(-204, 506), error=(-89, 220)
Random #3: req=(-132, 88), actual=(-158, 43), error=(-26, -45)
Random #4: req=(131, 216), actual=(203, 0), error=(72, -216)
Random #5: req=(120, -82), actual=(138, -94), error=(18, -12)
Random #6: req=(11, -291), actual=(18, -497), error=(7, -206)
Random #7: req=(225, -266), actual=(435, -514), error=(210, -248)
Random #8: req=(171, -138), actual=(245, -198), error=(74, -60)
Random #9: req=(160, 154), actual=(230, 221), error=(70, 67)
Random #10: req=(214, -100), actual=(319, -149), error=(105, -49)
Random #11: req=(23, 78), actual=(23, 78), error=(0, 0)
Random #12: req=(294, -237), actual=(573, -463), error=(279, -226)
Random #13: req=(-153, 166), actual=(-223, 242), error=(-70, 76)
Random #14: req=(-217, 259), actual=(-408, 487), error=(-191, 228)
Random #15: req=(-257, -251), actual=(-501, -489), error=(-244, -238)
Random #16: req=(-122, 87), actual=(-143, 102), error=(-21, 15)
Random #17: req=(-92, 149), actual=(-115, 186), error=(-23, 37)
Random #18: req=(194, 269), actual=(360, 500), error=(166, 231)
Random #19: req=(-255, 7), actual=(-400, 11), error=(-145, 4)
Random #20: req=(246, 57), actual=(385, 89), error=(139, 32)

=== Error Analysis ===
X-axis errors: min=-244, max=279, avg=12.82
All X errors: [9, -10, -48, -89, -26, 72, 18, 7, 210, 74, 70, 105, 0, 279, -70, -191, -244, -21, -23, 166, -145, 139]
Y-axis errors: min=-248, max=231, avg=-12.45
All Y errors: [91, -92, 117, 220, -45, -216, -12, -206, -248, -60, 67, -49, 0, -226, 76, 228, -238, 15, 37, 231, 4, 32]

=== FAILURES ===
  right 200px (no noise): expected (200, 0), got (209, 0), error (9, 0)
  down 200px (no noise, ease): expected (0, 200), got (0, 291), error (0, 91)
  left 200px (default noise): expected (-200, 0), got (-210, 0), error (-10, 0)
  up 200px (default noise, ease): expected (0, -200), got (1, -292), error (1, -92)

thread 'test_smooth_mouse_movement_accuracy' (4050683) panicked at inputctl/tests/integration.rs:400:9:

4 test cases failed. See error analysis above.
note: run with `RUST_BACKTRACE=1` environment variable to display a backtrace
test test_smooth_mouse_movement_accuracy ... FAILED

failures:

failures:
    test_smooth_mouse_movement_accuracy

test result: FAILED. 0 passed; 1 failed; 0 ignored; 0 measured; 17 filtered out; finished in 16.72s

error: test failed, to rerun pass `-p inputctl --test integration`
