warning: fields `cell_size`, `cols`, `rows`, and `scheme` are never read
  --> visionctl/src/primitives/grid.rs:86:9
   |
85 | pub struct GridMetadata {
   |            ------------ fields in this struct
86 |     pub cell_size: u32,
   |         ^^^^^^^^^
87 |     pub cols: u32,
   |         ^^^^
88 |     pub rows: u32,
   |         ^^^^
89 |     pub scheme: LabelScheme,
   |         ^^^^^^
   |
   = note: `GridMetadata` has derived impls for the traits `Debug` and `Clone`, but these are intentionally ignored during dead code analysis
   = note: `#[warn(dead_code)]` (part of `#[warn(unused)]`) on by default

warning: fields `width`, `height`, `grid`, and `cursor_pos` are never read
  --> visionctl/src/primitives/screenshot.rs:22:9
   |
20 | pub struct ScreenshotData {
   |            -------------- fields in this struct
21 |     pub png_bytes: Vec<u8>,
22 |     pub width: u32,
   |         ^^^^^
23 |     pub height: u32,
   |         ^^^^^^
24 |     pub grid: Option<GridMetadata>,
   |         ^^^^
25 |     pub cursor_pos: Option<CursorPos>,
   |         ^^^^^^^^^^
   |
   = note: `ScreenshotData` has derived impls for the traits `Debug` and `Clone`, but these are intentionally ignored during dead code analysis

warning: `visionctl` (lib) generated 2 warnings
    Finished `test` profile [unoptimized + debuginfo] target(s) in 0.13s
     Running unittests src/lib.rs (target/debug/deps/inputctl-1f4a88ecd0181d36)

running 0 tests

test result: ok. 0 passed; 0 failed; 0 ignored; 0 measured; 19 filtered out; finished in 0.00s

     Running tests/integration.rs (target/debug/deps/integration-48428d92f10b235e)

running 1 test

=== Smooth Mouse Movement Accuracy Test ===

Initial cursor position: (3524, 882)

Test: Move right 200px (no noise) (noise=0)
  Before: (3524, 882)
[DEBUG] move_mouse_smooth: requested=(200, 0), steps=15, total_emitted=(200, 0)
  After:  (3722, 882)
  Requested: (200, 0)
  Actual:    (198, 0)
  Error:     (-2, 0) [+/-]

Test: Move down 200px (no noise, ease) (noise=0)
  Before: (3722, 882)
[DEBUG] move_mouse_smooth: requested=(0, 200), steps=15, total_emitted=(0, 200)
  After:  (3722, 1154)
  Requested: (0, 200)
  Actual:    (0, 272)
  Error:     (0, 72) [+/-]

Test: Move left 200px (default noise) (noise=2)
  Before: (3722, 1154)
[DEBUG] move_mouse_smooth: requested=(-200, 0), steps=15, total_emitted=(-200, 0)
  After:  (3525, 1154)
  Requested: (-200, 0)
  Actual:    (-197, 0)
  Error:     (3, 0) [+/-]

Test: Move up 200px (default noise, ease) (noise=2)
  Before: (3525, 1154)
[DEBUG] move_mouse_smooth: requested=(0, -200), steps=15, total_emitted=(0, -200)
  After:  (3526, 882)
  Requested: (0, -200)
  Actual:    (1, -272)
  Error:     (1, -72) [+/-]

=== Random Movement Tests ===
[DEBUG] move_mouse_smooth: requested=(187, -177), steps=10, total_emitted=(187, -177)
Random #1: req=(187, -177), actual=(262, -248), error=(75, -71)
[DEBUG] move_mouse_smooth: requested=(271, 178), steps=10, total_emitted=(271, 178)
Random #2: req=(271, 178), actual=(442, 290), error=(171, 112)
[DEBUG] move_mouse_smooth: requested=(56, 227), steps=10, total_emitted=(56, 227)
Random #3: req=(56, 227), actual=(77, 309), error=(21, 82)
[DEBUG] move_mouse_smooth: requested=(-47, -136), steps=10, total_emitted=(-47, -136)
Random #4: req=(-47, -136), actual=(-51, -145), error=(-4, -9)
[DEBUG] move_mouse_smooth: requested=(267, -211), steps=10, total_emitted=(267, -211)
Random #5: req=(267, -211), actual=(446, -352), error=(179, -141)
[DEBUG] move_mouse_smooth: requested=(135, 106), steps=10, total_emitted=(135, 106)
Random #6: req=(135, 106), actual=(158, 124), error=(23, 18)
[DEBUG] move_mouse_smooth: requested=(264, 13), steps=10, total_emitted=(264, 13)
Random #7: req=(264, 13), actual=(380, 18), error=(116, 5)
[DEBUG] move_mouse_smooth: requested=(-167, 233), steps=10, total_emitted=(-167, 233)
Random #8: req=(-167, 233), actual=(-253, 354), error=(-86, 121)
[DEBUG] move_mouse_smooth: requested=(87, -59), steps=10, total_emitted=(87, -59)
Random #9: req=(87, -59), actual=(87, -59), error=(0, 0)
[DEBUG] move_mouse_smooth: requested=(-98, 116), steps=10, total_emitted=(-98, 116)
Random #10: req=(-98, 116), actual=(-106, 125), error=(-8, 9)
[DEBUG] move_mouse_smooth: requested=(167, -28), steps=10, total_emitted=(167, -28)
Random #11: req=(167, -28), actual=(190, -32), error=(23, -4)
[DEBUG] move_mouse_smooth: requested=(-150, 4), steps=10, total_emitted=(-150, 4)
Random #12: req=(-150, 4), actual=(-162, 4), error=(-12, 0)
[DEBUG] move_mouse_smooth: requested=(11, -263), steps=10, total_emitted=(11, -263)
Random #13: req=(11, -263), actual=(16, -376), error=(5, -113)
[DEBUG] move_mouse_smooth: requested=(189, 250), steps=10, total_emitted=(189, 250)
Random #14: req=(189, 250), actual=(302, 399), error=(113, 149)
[DEBUG] move_mouse_smooth: requested=(-78, -50), steps=10, total_emitted=(-78, -50)
Random #15: req=(-78, -50), actual=(-78, -50), error=(0, 0)
[DEBUG] move_mouse_smooth: requested=(-157, 94), steps=10, total_emitted=(-157, 94)
Random #16: req=(-157, 94), actual=(-186, 111), error=(-29, 17)
[DEBUG] move_mouse_smooth: requested=(-2, -143), steps=10, total_emitted=(-2, -143)
Random #17: req=(-2, -143), actual=(-2, -152), error=(0, -9)
[DEBUG] move_mouse_smooth: requested=(116, -13), steps=10, total_emitted=(116, -13)
Random #18: req=(116, -13), actual=(115, -13), error=(-1, 0)
[DEBUG] move_mouse_smooth: requested=(-51, -46), steps=10, total_emitted=(-51, -46)
Random #19: req=(-51, -46), actual=(-50, -45), error=(1, 1)
[DEBUG] move_mouse_smooth: requested=(275, -244), steps=10, total_emitted=(275, -244)
Random #20: req=(275, -244), actual=(482, -428), error=(207, -184)

=== Error Analysis ===
X-axis errors: min=-86, max=207, avg=36.14
All X errors: [-2, 3, 75, 171, 21, -4, 179, 23, 116, -86, 0, -8, 23, -12, 5, 113, 0, -29, 0, -1, 1, 207]
Y-axis errors: min=-184, max=149, avg=-0.77
All Y errors: [72, -72, -71, 112, 82, -9, -141, 18, 5, 121, 0, 9, -4, 0, -113, 149, 0, 17, -9, 0, 1, -184]

=== FAILURES ===
  down 200px (no noise, ease): expected (0, 200), got (0, 272), error (0, 72)
  up 200px (default noise, ease): expected (0, -200), got (1, -272), error (1, -72)

thread 'test_smooth_mouse_movement_accuracy' (4055151) panicked at inputctl/tests/integration.rs:400:9:

2 test cases failed. See error analysis above.
note: run with `RUST_BACKTRACE=1` environment variable to display a backtrace
test test_smooth_mouse_movement_accuracy ... FAILED

failures:

failures:
    test_smooth_mouse_movement_accuracy

test result: FAILED. 0 passed; 1 failed; 0 ignored; 0 measured; 17 filtered out; finished in 17.45s

error: test failed, to rerun pass `-p inputctl --test integration`
